{"/home/marcelo/Documentos/Marcelo/API/Aulas01-Node-React/src/utils/validations/isNumber.ts": {"path":"/home/marcelo/Documentos/Marcelo/API/Aulas01-Node-React/src/utils/validations/isNumber.ts","all":false,"statementMap":{"0":{"start":{"line":1,"column":0},"end":{"line":1,"column":49}},"1":{"start":{"line":2,"column":0},"end":{"line":2,"column":30}},"2":{"start":{"line":3,"column":0},"end":{"line":3,"column":0}},"3":{"start":{"line":4,"column":0},"end":{"line":4,"column":21}},"4":{"start":{"line":5,"column":0},"end":{"line":5,"column":77}},"5":{"start":{"line":6,"column":0},"end":{"line":6,"column":0}},"6":{"start":{"line":7,"column":0},"end":{"line":7,"column":3}},"7":{"start":{"line":8,"column":0},"end":{"line":8,"column":2}},"8":{"start":{"line":9,"column":0},"end":{"line":9,"column":0}},"9":{"start":{"line":10,"column":0},"end":{"line":10,"column":20}}},"s":{"0":1,"1":3,"2":3,"3":3,"4":2,"5":2,"6":2,"7":3,"8":1,"9":1},"branchMap":{"0":{"type":"branch","line":1,"loc":{"start":{"line":1,"column":17},"end":{"line":8,"column":2}},"locations":[{"start":{"line":1,"column":17},"end":{"line":8,"column":2}}]},"1":{"type":"branch","line":4,"loc":{"start":{"line":4,"column":20},"end":{"line":7,"column":3}},"locations":[{"start":{"line":4,"column":20},"end":{"line":7,"column":3}}]},"2":{"type":"branch","line":5,"loc":{"start":{"line":5,"column":34},"end":{"line":5,"column":40}},"locations":[{"start":{"line":5,"column":34},"end":{"line":5,"column":40}}]},"3":{"type":"branch","line":5,"loc":{"start":{"line":5,"column":41},"end":{"line":5,"column":56}},"locations":[{"start":{"line":5,"column":41},"end":{"line":5,"column":56}}]}},"b":{"0":[3],"1":[2],"2":[1],"3":[1]},"fnMap":{"0":{"name":"isNumber","decl":{"start":{"line":1,"column":17},"end":{"line":8,"column":2}},"loc":{"start":{"line":1,"column":17},"end":{"line":8,"column":2}},"line":1}},"f":{"0":3}}
,"/home/marcelo/Documentos/Marcelo/API/Aulas01-Node-React/src/utils/validations/required.ts": {"path":"/home/marcelo/Documentos/Marcelo/API/Aulas01-Node-React/src/utils/validations/required.ts","all":false,"statementMap":{"0":{"start":{"line":1,"column":0},"end":{"line":1,"column":49}},"1":{"start":{"line":2,"column":0},"end":{"line":2,"column":15}},"2":{"start":{"line":3,"column":0},"end":{"line":3,"column":75}},"3":{"start":{"line":4,"column":0},"end":{"line":4,"column":3}},"4":{"start":{"line":5,"column":0},"end":{"line":5,"column":2}},"5":{"start":{"line":6,"column":0},"end":{"line":6,"column":0}},"6":{"start":{"line":7,"column":0},"end":{"line":7,"column":20}}},"s":{"0":1,"1":3,"2":2,"3":2,"4":3,"5":1,"6":1},"branchMap":{"0":{"type":"branch","line":1,"loc":{"start":{"line":1,"column":17},"end":{"line":5,"column":2}},"locations":[{"start":{"line":1,"column":17},"end":{"line":5,"column":2}}]},"1":{"type":"branch","line":2,"loc":{"start":{"line":2,"column":14},"end":{"line":4,"column":3}},"locations":[{"start":{"line":2,"column":14},"end":{"line":4,"column":3}}]},"2":{"type":"branch","line":3,"loc":{"start":{"line":3,"column":34},"end":{"line":3,"column":40}},"locations":[{"start":{"line":3,"column":34},"end":{"line":3,"column":40}}]},"3":{"type":"branch","line":3,"loc":{"start":{"line":3,"column":41},"end":{"line":3,"column":56}},"locations":[{"start":{"line":3,"column":41},"end":{"line":3,"column":56}}]}},"b":{"0":[3],"1":[2],"2":[1],"3":[1]},"fnMap":{"0":{"name":"required","decl":{"start":{"line":1,"column":17},"end":{"line":5,"column":2}},"loc":{"start":{"line":1,"column":17},"end":{"line":5,"column":2}},"line":1}},"f":{"0":3}}
}
